Note: The following floating-point exceptions are signalling: IEEE_DENORMAL
  STATUS REPORT: 1
   COMPLETED FACTORIZATION STEP           1  IN TIME  0.26593494415283203         SECONDS
  STATUS REPORT: 1
   COMPLETED FACTORIZATION STEP           2  IN TIME  0.18651890754699707         SECONDS
  STATUS REPORT: 1
   COMPLETED FACTORIZATION STEP           3  IN TIME  0.14444708824157715         SECONDS
  STATUS REPORT: 1
   COMPLETED FACTORIZATION STEP           4  IN TIME  0.10883092880249023         SECONDS
  STATUS REPORT: 1
   COMPLETED FACTORIZATION STEP           5  IN TIME   7.8461170196533203E-002    SECONDS
  STATUS REPORT: 1
   COMPLETED FACTORIZATION STEP           6  IN TIME   5.2846908569335938E-002    SECONDS
  STATUS REPORT: 1
   COMPLETED FACTORIZATION STEP           7  IN TIME   3.2480001449584961E-002    SECONDS
  STATUS REPORT: 1
   COMPLETED FACTORIZATION STEP           8  IN TIME   1.6892910003662109E-002    SECONDS
  STATUS REPORT: 1
   COMPLETED FACTORIZATION STEP           9  IN TIME   6.4589977264404297E-003    SECONDS
  STATUS REPORT: 1
   COMPLETED FACTORIZATION STEP          10  IN TIME   1.3790130615234375E-003    SECONDS
  STATUS REPORT: 2
  PROGRAM COMPLETED FORWARD REDUCTION AT TIME  0.11590099334716797         SECONDS
  STATUS REPORT: 2
  PROGRAM COMPLETED BACK SOLLVE IN TIME  0.14331197738647461         SECONDS
 AVERAGE ABSOLUTE ERROR   3.08842587E-08   FOR BLOCK           1
 AVERAGE ABSOLUTE ERROR   5.81513895E-08   FOR BLOCK           2
 AVERAGE ABSOLUTE ERROR   6.01451831E-08   FOR BLOCK           3
 AVERAGE ABSOLUTE ERROR   8.89548630E-08   FOR BLOCK           4
 AVERAGE ABSOLUTE ERROR   3.39866197E-08   FOR BLOCK           5
 AVERAGE ABSOLUTE ERROR   1.55817848E-08   FOR BLOCK           6
 AVERAGE ABSOLUTE ERROR   8.09553224E-09   FOR BLOCK           7
 AVERAGE ABSOLUTE ERROR   4.60630512E-09   FOR BLOCK           8
 AVERAGE ABSOLUTE ERROR   2.80805490E-09   FOR BLOCK           9
 AVERAGE ABSOLUTE ERROR   1.80685711E-09   FOR BLOCK          10
 **************** PROBLEM PARAMETERS *****************
 PROBLEM SIZE =         1000    BLOCK SIZE         100
 NUMBER OF RIGHT HAND SIDES         100
 SUB-BLOCK SIZE          50
 ---------------------------------------------------
 *****************  PERFORMANCE TIME IN SECONDS *
 total time   1.15362406       seconds
 factor time  0.894387007       seconds
 backsolve/FR time  0.143311977       seconds
 matmul time   3.12376022E-03   seconds
 io time   2.34594345E-02   seconds
 inverse time   5.32555580E-03   seconds
 ---------------------------------------------------
 lu diag. blk. time   1.26771927E-02   seconds
 triangular solver time  0.121585369       seconds
 ---------------------------------------------------
 *************  PERFORMANCE FIGURES FOR SOLVER *******
 NUMBER OF MATRIX MULTIPLICATIONS   485.000000    
 NUMBER OF DISK READ/WRITES   1010.00000    
 NUMBER OF FLOATING POINT OPERATIONS=    2.67466675E+09
 ---------------------------------------------------
 MFLOPS FOR FACTORING   2981.55811    
 OVERALL MFLOPS    2318.49097    
 MATRIX MUlTIPLY MFLOPS    851537.812    
 INVERSION MFLOPS    3755.47656    
 DISK TRANSFER RATE   6888.48682      MBYTES/SEC
 ---------------------------------------------------
 TOTAL EXECUTION TIME   1.15362406       seconds
 TOTAL MATMUL TIME   3.12376022E-03   seconds
 TOTAL I/O TIME   2.34594345E-02   seconds
 TOTAL INVERSION TIME   5.32555580E-03   seconds
 TOTAL FACTOR TIME  0.894387007       seconds
 TOTAL BACK SOLV / FORWARD REDU. TIME  0.143311977       seconds
